Dbg [parser.cc:574] Converting a deprecated source[/home/simulations/ros2_sims_ws/install/turtlebot3_gazebo/share/turtlebot3_gazebo/worlds/turtlebot3_houses/waffle.model].
Dbg [Converter.cc:68] Version[1.6] to Version[1.7]
  Please use the gz sdf tool to update your SDF files.
    $ gz sdf -c [sdf_file]
Dbg [parser.cc:574] Converting a deprecated source[/usr/share/gazebo-11/models/ground_plane/model.sdf].
Dbg [Converter.cc:68] Version[1.5] to Version[1.7]
  Please use the gz sdf tool to update your SDF files.
    $ gz sdf -c [sdf_file]
Dbg [parser.cc:574] Converting a deprecated source[/usr/share/gazebo-11/models/sun/model.sdf].
Dbg [Converter.cc:68] Version[1.5] to Version[1.7]
  Please use the gz sdf tool to update your SDF files.
    $ gz sdf -c [sdf_file]
Dbg [parser.cc:574] Converting a deprecated source[/home/user/.gazebo/models/turtlebot3_house/model.sdf].
Dbg [Converter.cc:68] Version[1.6] to Version[1.7]
  Please use the gz sdf tool to update your SDF files.
    $ gz sdf -c [sdf_file]
Dbg [parser.cc:574] Converting a deprecated source[/home/user/.gazebo/models/turtlebot3_waffle/model.sdf].
Dbg [Converter.cc:68] Version[1.5] to Version[1.7]
  Please use the gz sdf tool to update your SDF files.
    $ gz sdf -c [sdf_file]
