[1.129s] Invoking command in '/home/user/ros2_ws/src/actions_quiz': CMAKE_PREFIX_PATH=/home/user/ros2_ws/install/actions_quiz_msg:/home/simulations/ros2_sims_ws/install/turtlebot3:/home/simulations/ros2_sims_ws/install/turtlebot3_simulations:/home/simulations/ros2_sims_ws/install/turtlebot3_navigation2:/home/simulations/ros2_sims_ws/install/turtlebot3_msgs:/home/simulations/ros2_sims_ws/install/turtlebot3_gazebo:/home/simulations/ros2_sims_ws/install/turtlebot3_bringup:/home/simulations/ros2_sims_ws/install/turtlebot3_description:/home/simulations/ros2_sims_ws/install/turtlebot3_cartographer:/home/simulations/ros2_sims_ws/install/turtlebot3_as:/home/simulations/ros2_sims_ws/install/t3_action_msg:/home/simulations/ros2_sims_ws/install/dynamixel_sdk:/home/user/ros2_ws/install/services_quiz_srv:/home/user/ros2_ws/install/custom_interfaces LD_LIBRARY_PATH=/home/user/ros2_ws/install/actions_quiz_msg/lib:/home/simulations/ros2_sims_ws/install/turtlebot3_msgs/lib:/home/simulations/ros2_sims_ws/install/t3_action_msg/lib:/home/simulations/ros2_sims_ws/install/dynamixel_sdk/lib:/home/user/ros2_ws/install/services_quiz_srv/lib:/home/user/ros2_ws/install/custom_interfaces/lib:/opt/ros/humble/opt/rviz_ogre_vendor/lib:/opt/ros/humble/lib/x86_64-linux-gnu:/opt/ros/humble/lib:/usr/local/cuda-10.2/lib64:/home/user/.catkin_ws_python3/src/TensorRT-7.0.0.11/lib:/usr/lib/x86_64-linux-gnu/gazebo-11/plugins PYTHONPATH=/home/user/ros2_ws/build/actions_quiz/prefix_override:/home/user/ros2_ws/install/actions_quiz/lib/python3.10/site-packages:${PYTHONPATH} _=/usr/bin/env /usr/bin/python3 setup.py egg_info --egg-base ../../build/actions_quiz build --build-base /home/user/ros2_ws/build/actions_quiz/build install --record /home/user/ros2_ws/build/actions_quiz/install.log --single-version-externally-managed
[1.546s] running egg_info
[1.547s] creating ../../build/actions_quiz/actions_quiz.egg-info
[1.547s] writing ../../build/actions_quiz/actions_quiz.egg-info/PKG-INFO
[1.547s] writing dependency_links to ../../build/actions_quiz/actions_quiz.egg-info/dependency_links.txt
[1.548s] writing entry points to ../../build/actions_quiz/actions_quiz.egg-info/entry_points.txt
[1.548s] writing requirements to ../../build/actions_quiz/actions_quiz.egg-info/requires.txt
[1.548s] writing top-level names to ../../build/actions_quiz/actions_quiz.egg-info/top_level.txt
[1.548s] writing manifest file '../../build/actions_quiz/actions_quiz.egg-info/SOURCES.txt'
[1.551s] reading manifest file '../../build/actions_quiz/actions_quiz.egg-info/SOURCES.txt'
[1.553s] writing manifest file '../../build/actions_quiz/actions_quiz.egg-info/SOURCES.txt'
[1.553s] running build
[1.554s] running build_py
[1.554s] creating /home/user/ros2_ws/build/actions_quiz/build
[1.555s] creating /home/user/ros2_ws/build/actions_quiz/build/lib
[1.555s] creating /home/user/ros2_ws/build/actions_quiz/build/lib/actions_quiz
[1.555s] copying actions_quiz/actions_quiz_client_node.py -> /home/user/ros2_ws/build/actions_quiz/build/lib/actions_quiz
[1.556s] copying actions_quiz/__init__.py -> /home/user/ros2_ws/build/actions_quiz/build/lib/actions_quiz
[1.556s] copying actions_quiz/actions_quiz_server_node.py -> /home/user/ros2_ws/build/actions_quiz/build/lib/actions_quiz
[1.557s] running install
[1.558s] running install_lib
[1.559s] creating /home/user/ros2_ws/install/actions_quiz/lib/python3.10/site-packages/actions_quiz
[1.559s] copying /home/user/ros2_ws/build/actions_quiz/build/lib/actions_quiz/actions_quiz_client_node.py -> /home/user/ros2_ws/install/actions_quiz/lib/python3.10/site-packages/actions_quiz
[1.559s] copying /home/user/ros2_ws/build/actions_quiz/build/lib/actions_quiz/__init__.py -> /home/user/ros2_ws/install/actions_quiz/lib/python3.10/site-packages/actions_quiz
[1.559s] copying /home/user/ros2_ws/build/actions_quiz/build/lib/actions_quiz/actions_quiz_server_node.py -> /home/user/ros2_ws/install/actions_quiz/lib/python3.10/site-packages/actions_quiz
[1.560s] byte-compiling /home/user/ros2_ws/install/actions_quiz/lib/python3.10/site-packages/actions_quiz/actions_quiz_client_node.py to actions_quiz_client_node.cpython-310.pyc
[1.561s] byte-compiling /home/user/ros2_ws/install/actions_quiz/lib/python3.10/site-packages/actions_quiz/__init__.py to __init__.cpython-310.pyc
[1.561s] byte-compiling /home/user/ros2_ws/install/actions_quiz/lib/python3.10/site-packages/actions_quiz/actions_quiz_server_node.py to actions_quiz_server_node.cpython-310.pyc
[1.563s] running install_data
[1.564s] creating /home/user/ros2_ws/install/actions_quiz/share/ament_index
[1.564s] creating /home/user/ros2_ws/install/actions_quiz/share/ament_index/resource_index
[1.564s] creating /home/user/ros2_ws/install/actions_quiz/share/ament_index/resource_index/packages
[1.564s] copying resource/actions_quiz -> /home/user/ros2_ws/install/actions_quiz/share/ament_index/resource_index/packages
[1.564s] copying package.xml -> /home/user/ros2_ws/install/actions_quiz/share/actions_quiz
[1.564s] copying launch/actions_quiz_client.launch.py -> /home/user/ros2_ws/install/actions_quiz/share/actions_quiz
[1.565s] copying launch/actions_quiz_server.launch.py -> /home/user/ros2_ws/install/actions_quiz/share/actions_quiz
[1.565s] running install_egg_info
[1.567s] Copying ../../build/actions_quiz/actions_quiz.egg-info to /home/user/ros2_ws/install/actions_quiz/lib/python3.10/site-packages/actions_quiz-0.0.0-py3.10.egg-info
[1.568s] running install_scripts
[1.595s] Installing actions_quiz_client_node script to /home/user/ros2_ws/install/actions_quiz/lib/actions_quiz
[1.596s] Installing actions_quiz_server_node script to /home/user/ros2_ws/install/actions_quiz/lib/actions_quiz
[1.596s] writing list of installed files to '/home/user/ros2_ws/build/actions_quiz/install.log'
[1.640s] Invoked command in '/home/user/ros2_ws/src/actions_quiz' returned '0': CMAKE_PREFIX_PATH=/home/user/ros2_ws/install/actions_quiz_msg:/home/simulations/ros2_sims_ws/install/turtlebot3:/home/simulations/ros2_sims_ws/install/turtlebot3_simulations:/home/simulations/ros2_sims_ws/install/turtlebot3_navigation2:/home/simulations/ros2_sims_ws/install/turtlebot3_msgs:/home/simulations/ros2_sims_ws/install/turtlebot3_gazebo:/home/simulations/ros2_sims_ws/install/turtlebot3_bringup:/home/simulations/ros2_sims_ws/install/turtlebot3_description:/home/simulations/ros2_sims_ws/install/turtlebot3_cartographer:/home/simulations/ros2_sims_ws/install/turtlebot3_as:/home/simulations/ros2_sims_ws/install/t3_action_msg:/home/simulations/ros2_sims_ws/install/dynamixel_sdk:/home/user/ros2_ws/install/services_quiz_srv:/home/user/ros2_ws/install/custom_interfaces LD_LIBRARY_PATH=/home/user/ros2_ws/install/actions_quiz_msg/lib:/home/simulations/ros2_sims_ws/install/turtlebot3_msgs/lib:/home/simulations/ros2_sims_ws/install/t3_action_msg/lib:/home/simulations/ros2_sims_ws/install/dynamixel_sdk/lib:/home/user/ros2_ws/install/services_quiz_srv/lib:/home/user/ros2_ws/install/custom_interfaces/lib:/opt/ros/humble/opt/rviz_ogre_vendor/lib:/opt/ros/humble/lib/x86_64-linux-gnu:/opt/ros/humble/lib:/usr/local/cuda-10.2/lib64:/home/user/.catkin_ws_python3/src/TensorRT-7.0.0.11/lib:/usr/lib/x86_64-linux-gnu/gazebo-11/plugins PYTHONPATH=/home/user/ros2_ws/build/actions_quiz/prefix_override:/home/user/ros2_ws/install/actions_quiz/lib/python3.10/site-packages:${PYTHONPATH} _=/usr/bin/env /usr/bin/python3 setup.py egg_info --egg-base ../../build/actions_quiz build --build-base /home/user/ros2_ws/build/actions_quiz/build install --record /home/user/ros2_ws/build/actions_quiz/install.log --single-version-externally-managed
